<?xml version="1.0" encoding="UTF-8"?>
<!-- Generated by org.testng.reporters.JUnitXMLReporter -->
<testsuite ignored="0" hostname="DESKTOP-A4I4AO2" failures="0" tests="2" name="Default test" time="2.383" errors="0" timestamp="11 Jan 2023 06:02:12 GMT">
  <testcase classname="com.TestVagrant.testCases.TestValidations" name="foreignPlayersValidation" time="2.121"/>
  <testcase classname="com.TestVagrant.testCases.TestValidations" name="wicketKeeperValidation" time="0.225"/>
</testsuite> <!-- Default test -->
